<?xml version="1.0" encoding="UTF-8"?>
<!-- Generated by org.testng.reporters.JUnitReportReporter -->
<testsuite hostname="BLRWFL8204" name="testNG.webdriver" tests="1" failures="0" timestamp="29 Aug 2017 13:24:01 GMT" time="50.201" errors="0">
  <testcase name="factioncalculator" time="50.201" classname="testNG.webdriver"/>
</testsuite> <!-- testNG.webdriver -->
