<?xml version="1.0" encoding="UTF-8"?>
<!-- Generated by org.testng.reporters.JUnitReportReporter -->
<testsuite hostname="BLRWFL8204" name="TestLab.test1" tests="2" failures="0" timestamp="18 Sep 2017 10:22:33 GMT" time="110.725" errors="0">
  <testcase name="testset2" time="60.761" classname="TestLab.test1"/>
  <testcase name="testset1" time="49.964" classname="TestLab.test1"/>
</testsuite> <!-- TestLab.test1 -->
