<?xml version="1.0" encoding="UTF-8"?>
<!-- Generated by org.testng.reporters.JUnitReportReporter -->
<testsuite hostname="LIN80015404" failures="0" tests="3" name="automation.Parallel" time="15.920" errors="0" timestamp="07 Oct 2017 11:28:28 GMT" skipped="0">
  <testcase classname="automation.Parallel" name="executSessionThree" time="5.441"/>
  <testcase classname="automation.Parallel" name="executeSessionTwo" time="5.129"/>
  <testcase classname="automation.Parallel" name="executSessionOne" time="5.350"/>
</testsuite> <!-- automation.Parallel -->
