<?xml version="1.0" encoding="UTF-8"?>
<!-- Generated by org.testng.reporters.JUnitReportReporter -->
<testsuite hostname="LIN80015404" failures="0" tests="4" name="TestLab.NewTest" time="77.319" errors="0" timestamp="21 Oct 2017 06:09:39 GMT" skipped="0">
  <testcase classname="TestLab.NewTest" name="testset2" time="17.758"/>
  <testcase classname="TestLab.NewTest" name="testset1" time="19.302"/>
  <testcase classname="TestLab.NewTest" name="testset1" time="21.338"/>
  <testcase classname="TestLab.NewTest" name="testset2" time="18.921"/>
</testsuite> <!-- TestLab.NewTest -->
