<?xml version="1.0" encoding="UTF-8"?>
<!-- Generated by org.testng.reporters.JUnitReportReporter -->
<testsuite hostname="LIN80015404" failures="0" tests="1" name="auto.hub" time="15.554" errors="0" timestamp="20 Oct 2017 10:24:23 GMT" skipped="0">
  <testcase classname="auto.hub" name="testrun" time="15.554"/>
</testsuite> <!-- auto.hub -->
