<?xml version="1.0" encoding="UTF-8"?>
<!-- Generated by org.testng.reporters.JUnitReportReporter -->
<testsuite hostname="LIN80015404" failures="0" tests="4" name="TestLab.NewTest" time="60.663" errors="0" timestamp="20 Oct 2017 10:53:01 GMT" skipped="0">
  <testcase classname="TestLab.NewTest" name="testset1" time="15.022"/>
  <testcase classname="TestLab.NewTest" name="testset2" time="15.024"/>
  <testcase classname="TestLab.NewTest" name="testset1" time="15.547"/>
  <testcase classname="TestLab.NewTest" name="testset2" time="15.070"/>
</testsuite> <!-- TestLab.NewTest -->
